<?xml version="1.0" encoding="UTF-8"?>
<!-- Generated by org.testng.reporters.JUnitXMLReporter -->
<testsuite hostname="LAPTOP-CT7IBV5D" ignored="0" name="RESTful WebService Execution Test" tests="7" failures="2" timestamp="25 Oct 2018 07:21:13 GMT" time="4.896" errors="0">
  <testcase name="getRESTful_Webservice_basicAuthentication_TC01" time="2.815" classname="com.qa.RESTfulAPI.TestCases.GetRESTful_WebService_UsingBasicAuthentication"/>
  <testcase name="postRESTful_WebService_TC01" time="0.611" classname="com.qa.RESTfulAPI.TestCases.PostRESTful_WebServices_Test"/>
  <testcase name="deleteRESTful_WebService_TC01" time="0.03" classname="com.qa.RESTfulAPI.TestCases.DeleteRESTful_WebServices_Test">
    <failure type="java.lang.AssertionError" message="Please verify the Endpoint URL expected [true] but found [false]">
      <![CDATA[java.lang.AssertionError: Please verify the Endpoint URL expected [true] but found [false]
at com.qa.RESTfulAPI.TestCases.DeleteRESTful_WebServices_Test.deleteRESTful_WebService_TC01(DeleteRESTful_WebServices_Test.java:77)
... Removed 28 stack frames]]>
    </failure>
  </testcase> <!-- deleteRESTful_WebService_TC01 -->
  <testcase name="getRESTful_WebService_TC01" time="0.043" classname="com.qa.RESTfulAPI.TestCases.GetRESTful_WebServices_Test"/>
  <testcase name="getRESTful_Webservice_basicAuthentication_TC02" time="0.933" classname="com.qa.RESTfulAPI.TestCases.GetRESTful_WebService_UsingBasicAuthentication">
    <failure type="java.lang.AssertionError" message="Authentication Error; Wrong Username and Password expected [true] but found [false]">
      <![CDATA[java.lang.AssertionError: Authentication Error; Wrong Username and Password expected [true] but found [false]
at com.qa.RESTfulAPI.TestCases.GetRESTful_WebService_UsingBasicAuthentication.getRESTful_Webservice_basicAuthentication_TC02(GetRESTful_WebService_UsingBasicAuthentication.java:88)
... Removed 28 stack frames]]>
    </failure>
  </testcase> <!-- getRESTful_Webservice_basicAuthentication_TC02 -->
  <testcase name="postRESTful_WebService_TC02" time="0.057" classname="com.qa.RESTfulAPI.TestCases.PostRESTful_WebServices_Test"/>
  <testcase name="getRESTful_WebService_TC02" time="0.093" classname="com.qa.RESTfulAPI.TestCases.GetRESTful_WebServices_Test"/>
</testsuite> <!-- RESTful WebService Execution Test -->
