<html>
<head>
<title>TestNG:  RESTful WebService Execution Test</title>
<link href="../testng.css" rel="stylesheet" type="text/css" />
<link href="../my-testng.css" rel="stylesheet" type="text/css" />

<style type="text/css">
.log { display: none;} 
.stack-trace { display: none;} 
</style>
<script type="text/javascript">
<!--
function flip(e) {
  current = e.style.display;
  if (current == 'block') {
    e.style.display = 'none';
    return 0;
  }
  else {
    e.style.display = 'block';
    return 1;
  }
}

function toggleBox(szDivId, elem, msg1, msg2)
{
  var res = -1;  if (document.getElementById) {
    res = flip(document.getElementById(szDivId));
  }
  else if (document.all) {
    // this is the way old msie versions work
    res = flip(document.all[szDivId]);
  }
  if(elem) {
    if(res == 0) elem.innerHTML = msg1; else elem.innerHTML = msg2;
  }

}

function toggleAllBoxes() {
  if (document.getElementsByTagName) {
    d = document.getElementsByTagName('div');
    for (i = 0; i < d.length; i++) {
      if (d[i].className == 'log') {
        flip(d[i]);
      }
    }
  }
}

// -->
</script>

</head>
<body>
<h2 align='center'>RESTful WebService Execution Test</h2><table border='1' align="center">
<tr>
<td>Tests passed/Failed/Skipped:</td><td>5/2/0</td>
</tr><tr>
<td>Started on:</td><td>Thu Oct 25 08:21:08 BST 2018</td>
</tr>
<tr><td>Total time:</td><td>4 seconds (4896 ms)</td>
</tr><tr>
<td>Included groups:</td><td></td>
</tr><tr>
<td>Excluded groups:</td><td></td>
</tr>
</table><p/>
<small><i>(Hover the method name to see the test class name)</i></small><p/>
<table width='100%' border='1' class='invocation-failed'>
<tr><td colspan='4' align='center'><b>FAILED TESTS</b></td></tr>
<tr><td><b>Test method</b></td>
<td width="30%"><b>Exception</b></td>
<td width="10%"><b>Time (seconds)</b></td>
<td><b>Instance</b></td>
</tr>
<tr>
<td title='com.qa.RESTfulAPI.TestCases.DeleteRESTful_WebServices_Test.deleteRESTful_WebService_TC01()'><b>deleteRESTful_WebService_TC01</b><br>Test class: com.qa.RESTfulAPI.TestCases.DeleteRESTful_WebServices_Test</td>
<td><div><pre>java.lang.AssertionError: Please verify the Endpoint URL expected [true] but found [false]
	at com.qa.RESTfulAPI.TestCases.DeleteRESTful_WebServices_Test.deleteRESTful_WebService_TC01(DeleteRESTful_WebServices_Test.java:77)
... Removed 28 stack frames</pre></div><a href='#' onClick='toggleBox("stack-trace1091107430", this, "Click to show all stack frames", "Click to hide stack frames")'>Click to show all stack frames</a>
<div class='stack-trace' id='stack-trace1091107430'><pre>java.lang.AssertionError: Please verify the Endpoint URL expected [true] but found [false]
	at org.testng.Assert.fail(Assert.java:96)
	at org.testng.Assert.failNotEquals(Assert.java:776)
	at org.testng.Assert.assertTrue(Assert.java:44)
	at com.qa.RESTfulAPI.TestCases.DeleteRESTful_WebServices_Test.deleteRESTful_WebService_TC01(DeleteRESTful_WebServices_Test.java:77)
	at sun.reflect.NativeMethodAccessorImpl.invoke0(Native Method)
	at sun.reflect.NativeMethodAccessorImpl.invoke(NativeMethodAccessorImpl.java:62)
	at sun.reflect.DelegatingMethodAccessorImpl.invoke(DelegatingMethodAccessorImpl.java:43)
	at java.lang.reflect.Method.invoke(Method.java:498)
	at org.testng.internal.MethodInvocationHelper.invokeMethod(MethodInvocationHelper.java:124)
	at org.testng.internal.Invoker.invokeMethod(Invoker.java:583)
	at org.testng.internal.Invoker.invokeTestMethod(Invoker.java:719)
	at org.testng.internal.Invoker.invokeTestMethods(Invoker.java:989)
	at org.testng.internal.TestMethodWorker.invokeTestMethods(TestMethodWorker.java:125)
	at org.testng.internal.TestMethodWorker.run(TestMethodWorker.java:109)
	at org.testng.TestRunner.privateRun(TestRunner.java:648)
	at org.testng.TestRunner.run(TestRunner.java:505)
	at org.testng.SuiteRunner.runTest(SuiteRunner.java:455)
	at org.testng.SuiteRunner.runSequentially(SuiteRunner.java:450)
	at org.testng.SuiteRunner.privateRun(SuiteRunner.java:415)
	at org.testng.SuiteRunner.run(SuiteRunner.java:364)
	at org.testng.SuiteRunnerWorker.runSuite(SuiteRunnerWorker.java:52)
	at org.testng.SuiteRunnerWorker.run(SuiteRunnerWorker.java:84)
	at org.testng.TestNG.runSuitesSequentially(TestNG.java:1208)
	at org.testng.TestNG.runSuitesLocally(TestNG.java:1137)
	at org.testng.TestNG.runSuites(TestNG.java:1049)
	at org.testng.TestNG.run(TestNG.java:1017)
	at org.testng.remote.AbstractRemoteTestNG.run(AbstractRemoteTestNG.java:114)
	at org.testng.remote.RemoteTestNG.initAndRun(RemoteTestNG.java:251)
	at org.testng.remote.RemoteTestNG.main(RemoteTestNG.java:77)
</pre></div></td>
<td>0</td>
<td>com.qa.RESTfulAPI.TestCases.DeleteRESTful_WebServices_Test@1a968a59</td></tr>
<tr>
<td title='com.qa.RESTfulAPI.TestCases.GetRESTful_WebService_UsingBasicAuthentication.getRESTful_Webservice_basicAuthentication_TC02()'><b>getRESTful_Webservice_basicAuthentication_TC02</b><br>Test class: com.qa.RESTfulAPI.TestCases.GetRESTful_WebService_UsingBasicAuthentication<br>Test method: Get Request using Invalid Authentication in Rest Assured</td>
<td><div><pre>java.lang.AssertionError: Authentication Error; Wrong Username and Password expected [true] but found [false]
	at com.qa.RESTfulAPI.TestCases.GetRESTful_WebService_UsingBasicAuthentication.getRESTful_Webservice_basicAuthentication_TC02(GetRESTful_WebService_UsingBasicAuthentication.java:88)
... Removed 28 stack frames</pre></div><a href='#' onClick='toggleBox("stack-trace1982958205", this, "Click to show all stack frames", "Click to hide stack frames")'>Click to show all stack frames</a>
<div class='stack-trace' id='stack-trace1982958205'><pre>java.lang.AssertionError: Authentication Error; Wrong Username and Password expected [true] but found [false]
	at org.testng.Assert.fail(Assert.java:96)
	at org.testng.Assert.failNotEquals(Assert.java:776)
	at org.testng.Assert.assertTrue(Assert.java:44)
	at com.qa.RESTfulAPI.TestCases.GetRESTful_WebService_UsingBasicAuthentication.getRESTful_Webservice_basicAuthentication_TC02(GetRESTful_WebService_UsingBasicAuthentication.java:88)
	at sun.reflect.NativeMethodAccessorImpl.invoke0(Native Method)
	at sun.reflect.NativeMethodAccessorImpl.invoke(NativeMethodAccessorImpl.java:62)
	at sun.reflect.DelegatingMethodAccessorImpl.invoke(DelegatingMethodAccessorImpl.java:43)
	at java.lang.reflect.Method.invoke(Method.java:498)
	at org.testng.internal.MethodInvocationHelper.invokeMethod(MethodInvocationHelper.java:124)
	at org.testng.internal.Invoker.invokeMethod(Invoker.java:583)
	at org.testng.internal.Invoker.invokeTestMethod(Invoker.java:719)
	at org.testng.internal.Invoker.invokeTestMethods(Invoker.java:989)
	at org.testng.internal.TestMethodWorker.invokeTestMethods(TestMethodWorker.java:125)
	at org.testng.internal.TestMethodWorker.run(TestMethodWorker.java:109)
	at org.testng.TestRunner.privateRun(TestRunner.java:648)
	at org.testng.TestRunner.run(TestRunner.java:505)
	at org.testng.SuiteRunner.runTest(SuiteRunner.java:455)
	at org.testng.SuiteRunner.runSequentially(SuiteRunner.java:450)
	at org.testng.SuiteRunner.privateRun(SuiteRunner.java:415)
	at org.testng.SuiteRunner.run(SuiteRunner.java:364)
	at org.testng.SuiteRunnerWorker.runSuite(SuiteRunnerWorker.java:52)
	at org.testng.SuiteRunnerWorker.run(SuiteRunnerWorker.java:84)
	at org.testng.TestNG.runSuitesSequentially(TestNG.java:1208)
	at org.testng.TestNG.runSuitesLocally(TestNG.java:1137)
	at org.testng.TestNG.runSuites(TestNG.java:1049)
	at org.testng.TestNG.run(TestNG.java:1017)
	at org.testng.remote.AbstractRemoteTestNG.run(AbstractRemoteTestNG.java:114)
	at org.testng.remote.RemoteTestNG.initAndRun(RemoteTestNG.java:251)
	at org.testng.remote.RemoteTestNG.main(RemoteTestNG.java:77)
</pre></div></td>
<td>0</td>
<td>com.qa.RESTfulAPI.TestCases.GetRESTful_WebService_UsingBasicAuthentication@5442a311</td></tr>
</table><p>
<table width='100%' border='1' class='invocation-passed'>
<tr><td colspan='4' align='center'><b>PASSED TESTS</b></td></tr>
<tr><td><b>Test method</b></td>
<td width="30%"><b>Exception</b></td>
<td width="10%"><b>Time (seconds)</b></td>
<td><b>Instance</b></td>
</tr>
<tr>
<td title='com.qa.RESTfulAPI.TestCases.GetRESTful_WebServices_Test.getRESTful_WebService_TC01()'><b>getRESTful_WebService_TC01</b><br>Test class: com.qa.RESTfulAPI.TestCases.GetRESTful_WebServices_Test<br>Test method: Validation of Get Request using Jackson core databind</td>
<td></td>
<td>0</td>
<td>com.qa.RESTfulAPI.TestCases.GetRESTful_WebServices_Test@4667ae56</td></tr>
<tr>
<td title='com.qa.RESTfulAPI.TestCases.GetRESTful_WebServices_Test.getRESTful_WebService_TC02()'><b>getRESTful_WebService_TC02</b><br>Test class: com.qa.RESTfulAPI.TestCases.GetRESTful_WebServices_Test<br>Test method: Validation of Get Request using Google GSON</td>
<td></td>
<td>0</td>
<td>com.qa.RESTfulAPI.TestCases.GetRESTful_WebServices_Test@4667ae56</td></tr>
<tr>
<td title='com.qa.RESTfulAPI.TestCases.GetRESTful_WebService_UsingBasicAuthentication.getRESTful_Webservice_basicAuthentication_TC01()'><b>getRESTful_Webservice_basicAuthentication_TC01</b><br>Test class: com.qa.RESTfulAPI.TestCases.GetRESTful_WebService_UsingBasicAuthentication<br>Test method: Get Request using Valid Authentication in Rest Assured</td>
<td></td>
<td>2</td>
<td>com.qa.RESTfulAPI.TestCases.GetRESTful_WebService_UsingBasicAuthentication@5442a311</td></tr>
<tr>
<td title='com.qa.RESTfulAPI.TestCases.PostRESTful_WebServices_Test.postRESTful_WebService_TC01()'><b>postRESTful_WebService_TC01</b><br>Test class: com.qa.RESTfulAPI.TestCases.PostRESTful_WebServices_Test<br>Test method: Creating JSON Request Payload via POJO class</td>
<td></td>
<td>0</td>
<td>com.qa.RESTfulAPI.TestCases.PostRESTful_WebServices_Test@548e7350</td></tr>
<tr>
<td title='com.qa.RESTfulAPI.TestCases.PostRESTful_WebServices_Test.postRESTful_WebService_TC02()'><b>postRESTful_WebService_TC02</b><br>Test class: com.qa.RESTfulAPI.TestCases.PostRESTful_WebServices_Test<br>Test method: Creating JSON Request Payload via JSOn file</td>
<td></td>
<td>0</td>
<td>com.qa.RESTfulAPI.TestCases.PostRESTful_WebServices_Test@548e7350</td></tr>
</table><p>
</body>
</html>