<?xml version="1.0" encoding="UTF-8"?>
<testng-results skipped="0" failed="2" ignored="0" total="7" passed="5">
  <reporter-output>
  </reporter-output>
  <suite name="RESTful WebService Execution Suite" duration-ms="4896" started-at="2018-10-25T07:21:08Z" finished-at="2018-10-25T07:21:13Z">
    <groups>
    </groups>
    <test name="RESTful WebService Execution Test" duration-ms="4896" started-at="2018-10-25T07:21:08Z" finished-at="2018-10-25T07:21:13Z">
      <class name="com.qa.RESTfulAPI.TestCases.DeleteRESTful_WebServices_Test">
        <test-method status="PASS" signature="setUpExtentReport()[pri:0, instance:com.qa.RESTfulAPI.TestCases.DeleteRESTful_WebServices_Test@1a968a59]" name="setUpExtentReport" is-config="true" duration-ms="214" started-at="2018-10-25T07:21:08Z" finished-at="2018-10-25T07:21:08Z">
          <reporter-output>
          </reporter-output>
        </test-method> <!-- setUpExtentReport -->
        <test-method status="PASS" signature="setUpExtentReport()[pri:0, instance:com.qa.RESTfulAPI.TestCases.GetRESTful_WebService_UsingBasicAuthentication@5442a311]" name="setUpExtentReport" is-config="true" duration-ms="9" started-at="2018-10-25T07:21:08Z" finished-at="2018-10-25T07:21:08Z">
          <reporter-output>
          </reporter-output>
        </test-method> <!-- setUpExtentReport -->
        <test-method status="PASS" signature="setUpExtentReport()[pri:0, instance:com.qa.RESTfulAPI.TestCases.GetRESTful_WebServices_Test@4667ae56]" name="setUpExtentReport" is-config="true" duration-ms="3" started-at="2018-10-25T07:21:08Z" finished-at="2018-10-25T07:21:08Z">
          <reporter-output>
          </reporter-output>
        </test-method> <!-- setUpExtentReport -->
        <test-method status="PASS" signature="setUpExtentReport()[pri:0, instance:com.qa.RESTfulAPI.TestCases.PostRESTful_WebServices_Test@548e7350]" name="setUpExtentReport" is-config="true" duration-ms="4" started-at="2018-10-25T07:21:08Z" finished-at="2018-10-25T07:21:08Z">
          <reporter-output>
          </reporter-output>
        </test-method> <!-- setUpExtentReport -->
        <test-method status="PASS" signature="setUpTestCase()[pri:0, instance:com.qa.RESTfulAPI.TestCases.DeleteRESTful_WebServices_Test@1a968a59]" name="setUpTestCase" is-config="true" duration-ms="1" started-at="2018-10-25T07:21:12Z" finished-at="2018-10-25T07:21:12Z">
          <reporter-output>
          </reporter-output>
        </test-method> <!-- setUpTestCase -->
        <test-method status="FAIL" signature="deleteRESTful_WebService_TC01()[pri:1, instance:com.qa.RESTfulAPI.TestCases.DeleteRESTful_WebServices_Test@1a968a59]" name="deleteRESTful_WebService_TC01" duration-ms="30" started-at="2018-10-25T07:21:12Z" finished-at="2018-10-25T07:21:12Z">
          <exception class="java.lang.AssertionError">
            <message>
              <![CDATA[Please verify the Endpoint URL expected [true] but found [false]]]>
            </message>
            <full-stacktrace>
              <![CDATA[java.lang.AssertionError: Please verify the Endpoint URL expected [true] but found [false]
at org.testng.Assert.fail(Assert.java:96)
at org.testng.Assert.failNotEquals(Assert.java:776)
at org.testng.Assert.assertTrue(Assert.java:44)
at com.qa.RESTfulAPI.TestCases.DeleteRESTful_WebServices_Test.deleteRESTful_WebService_TC01(DeleteRESTful_WebServices_Test.java:77)
at sun.reflect.NativeMethodAccessorImpl.invoke0(Native Method)
at sun.reflect.NativeMethodAccessorImpl.invoke(NativeMethodAccessorImpl.java:62)
at sun.reflect.DelegatingMethodAccessorImpl.invoke(DelegatingMethodAccessorImpl.java:43)
at java.lang.reflect.Method.invoke(Method.java:498)
at org.testng.internal.MethodInvocationHelper.invokeMethod(MethodInvocationHelper.java:124)
at org.testng.internal.Invoker.invokeMethod(Invoker.java:583)
at org.testng.internal.Invoker.invokeTestMethod(Invoker.java:719)
at org.testng.internal.Invoker.invokeTestMethods(Invoker.java:989)
at org.testng.internal.TestMethodWorker.invokeTestMethods(TestMethodWorker.java:125)
at org.testng.internal.TestMethodWorker.run(TestMethodWorker.java:109)
at org.testng.TestRunner.privateRun(TestRunner.java:648)
at org.testng.TestRunner.run(TestRunner.java:505)
at org.testng.SuiteRunner.runTest(SuiteRunner.java:455)
at org.testng.SuiteRunner.runSequentially(SuiteRunner.java:450)
at org.testng.SuiteRunner.privateRun(SuiteRunner.java:415)
at org.testng.SuiteRunner.run(SuiteRunner.java:364)
at org.testng.SuiteRunnerWorker.runSuite(SuiteRunnerWorker.java:52)
at org.testng.SuiteRunnerWorker.run(SuiteRunnerWorker.java:84)
at org.testng.TestNG.runSuitesSequentially(TestNG.java:1208)
at org.testng.TestNG.runSuitesLocally(TestNG.java:1137)
at org.testng.TestNG.runSuites(TestNG.java:1049)
at org.testng.TestNG.run(TestNG.java:1017)
at org.testng.remote.AbstractRemoteTestNG.run(AbstractRemoteTestNG.java:114)
at org.testng.remote.RemoteTestNG.initAndRun(RemoteTestNG.java:251)
at org.testng.remote.RemoteTestNG.main(RemoteTestNG.java:77)
]]>
            </full-stacktrace>
          </exception> <!-- java.lang.AssertionError -->
          <reporter-output>
          </reporter-output>
        </test-method> <!-- deleteRESTful_WebService_TC01 -->
        <test-method status="PASS" signature="tearDownTestCase(org.testng.ITestResult)[pri:0, instance:com.qa.RESTfulAPI.TestCases.DeleteRESTful_WebServices_Test@1a968a59]" name="tearDownTestCase" is-config="true" duration-ms="4" started-at="2018-10-25T07:21:12Z" finished-at="2018-10-25T07:21:12Z">
          <params>
            <param index="0">
              <value>
                <![CDATA[[TestResult name=deleteRESTful_WebService_TC01 status=FAILURE method=DeleteRESTful_WebServices_Test.deleteRESTful_WebService_TC01()[pri:1, instance:com.qa.RESTfulAPI.TestCases.DeleteRESTful_WebServices_Test@1a968a59] output={null}]]]>
              </value>
            </param>
          </params>
          <reporter-output>
          </reporter-output>
        </test-method> <!-- tearDownTestCase -->
      </class> <!-- com.qa.RESTfulAPI.TestCases.DeleteRESTful_WebServices_Test -->
      <class name="com.qa.RESTfulAPI.TestCases.PostRESTful_WebServices_Test">
        <test-method status="PASS" signature="setUpTestCase()[pri:0, instance:com.qa.RESTfulAPI.TestCases.PostRESTful_WebServices_Test@548e7350]" name="setUpTestCase" is-config="true" duration-ms="1" started-at="2018-10-25T07:21:11Z" finished-at="2018-10-25T07:21:11Z">
          <reporter-output>
          </reporter-output>
        </test-method> <!-- setUpTestCase -->
        <test-method status="PASS" signature="postRESTful_WebService_TC01()[pri:1, instance:com.qa.RESTfulAPI.TestCases.PostRESTful_WebServices_Test@548e7350]" name="postRESTful_WebService_TC01" duration-ms="611" started-at="2018-10-25T07:21:11Z" description="Creating JSON Request Payload via POJO class" finished-at="2018-10-25T07:21:12Z">
          <reporter-output>
          </reporter-output>
        </test-method> <!-- postRESTful_WebService_TC01 -->
        <test-method status="PASS" signature="tearDownTestCase(org.testng.ITestResult)[pri:0, instance:com.qa.RESTfulAPI.TestCases.PostRESTful_WebServices_Test@548e7350]" name="tearDownTestCase" is-config="true" duration-ms="1" started-at="2018-10-25T07:21:12Z" finished-at="2018-10-25T07:21:12Z">
          <params>
            <param index="0">
              <value>
                <![CDATA[[TestResult name=postRESTful_WebService_TC01 status=SUCCESS method=PostRESTful_WebServices_Test.postRESTful_WebService_TC01()[pri:1, instance:com.qa.RESTfulAPI.TestCases.PostRESTful_WebServices_Test@548e7350] output={null}]]]>
              </value>
            </param>
          </params>
          <reporter-output>
          </reporter-output>
        </test-method> <!-- tearDownTestCase -->
        <test-method status="PASS" signature="postRESTful_WebService_TC02()[pri:2, instance:com.qa.RESTfulAPI.TestCases.PostRESTful_WebServices_Test@548e7350]" name="postRESTful_WebService_TC02" duration-ms="57" started-at="2018-10-25T07:21:13Z" description="Creating JSON Request Payload via JSOn file" finished-at="2018-10-25T07:21:13Z">
          <reporter-output>
          </reporter-output>
        </test-method> <!-- postRESTful_WebService_TC02 -->
        <test-method status="PASS" signature="setUpTestCase()[pri:0, instance:com.qa.RESTfulAPI.TestCases.PostRESTful_WebServices_Test@548e7350]" name="setUpTestCase" is-config="true" duration-ms="0" started-at="2018-10-25T07:21:13Z" finished-at="2018-10-25T07:21:13Z">
          <reporter-output>
          </reporter-output>
        </test-method> <!-- setUpTestCase -->
        <test-method status="PASS" signature="tearDownTestCase(org.testng.ITestResult)[pri:0, instance:com.qa.RESTfulAPI.TestCases.PostRESTful_WebServices_Test@548e7350]" name="tearDownTestCase" is-config="true" duration-ms="0" started-at="2018-10-25T07:21:13Z" finished-at="2018-10-25T07:21:13Z">
          <params>
            <param index="0">
              <value>
                <![CDATA[[TestResult name=postRESTful_WebService_TC02 status=SUCCESS method=PostRESTful_WebServices_Test.postRESTful_WebService_TC02()[pri:2, instance:com.qa.RESTfulAPI.TestCases.PostRESTful_WebServices_Test@548e7350] output={null}]]]>
              </value>
            </param>
          </params>
          <reporter-output>
          </reporter-output>
        </test-method> <!-- tearDownTestCase -->
      </class> <!-- com.qa.RESTfulAPI.TestCases.PostRESTful_WebServices_Test -->
      <class name="com.qa.RESTfulAPI.TestCases.GetRESTful_WebService_UsingBasicAuthentication">
        <test-method status="PASS" signature="setUpTestCase()[pri:0, instance:com.qa.RESTfulAPI.TestCases.GetRESTful_WebService_UsingBasicAuthentication@5442a311]" name="setUpTestCase" is-config="true" duration-ms="3" started-at="2018-10-25T07:21:08Z" finished-at="2018-10-25T07:21:08Z">
          <reporter-output>
          </reporter-output>
        </test-method> <!-- setUpTestCase -->
        <test-method status="PASS" signature="getRESTful_Webservice_basicAuthentication_TC01()[pri:1, instance:com.qa.RESTfulAPI.TestCases.GetRESTful_WebService_UsingBasicAuthentication@5442a311]" name="getRESTful_Webservice_basicAuthentication_TC01" duration-ms="2815" started-at="2018-10-25T07:21:08Z" description="Get Request using Valid Authentication in Rest Assured" finished-at="2018-10-25T07:21:11Z">
          <reporter-output>
          </reporter-output>
        </test-method> <!-- getRESTful_Webservice_basicAuthentication_TC01 -->
        <test-method status="PASS" signature="tearDownTestCase(org.testng.ITestResult)[pri:0, instance:com.qa.RESTfulAPI.TestCases.GetRESTful_WebService_UsingBasicAuthentication@5442a311]" name="tearDownTestCase" is-config="true" duration-ms="5" started-at="2018-10-25T07:21:11Z" finished-at="2018-10-25T07:21:11Z">
          <params>
            <param index="0">
              <value>
                <![CDATA[[TestResult name=getRESTful_Webservice_basicAuthentication_TC01 status=SUCCESS method=GetRESTful_WebService_UsingBasicAuthentication.getRESTful_Webservice_basicAuthentication_TC01()[pri:1, instance:com.qa.RESTfulAPI.TestCases.GetRESTful_WebService_UsingBasicAuthentication@5442a311] output={null}]]]>
              </value>
            </param>
          </params>
          <reporter-output>
          </reporter-output>
        </test-method> <!-- tearDownTestCase -->
        <test-method status="PASS" signature="setUpTestCase()[pri:0, instance:com.qa.RESTfulAPI.TestCases.GetRESTful_WebService_UsingBasicAuthentication@5442a311]" name="setUpTestCase" is-config="true" duration-ms="1" started-at="2018-10-25T07:21:12Z" finished-at="2018-10-25T07:21:12Z">
          <reporter-output>
          </reporter-output>
        </test-method> <!-- setUpTestCase -->
        <test-method status="FAIL" signature="getRESTful_Webservice_basicAuthentication_TC02()[pri:2, instance:com.qa.RESTfulAPI.TestCases.GetRESTful_WebService_UsingBasicAuthentication@5442a311]" name="getRESTful_Webservice_basicAuthentication_TC02" duration-ms="933" started-at="2018-10-25T07:21:12Z" description="Get Request using Invalid Authentication in Rest Assured" finished-at="2018-10-25T07:21:13Z">
          <exception class="java.lang.AssertionError">
            <message>
              <![CDATA[Authentication Error; Wrong Username and Password expected [true] but found [false]]]>
            </message>
            <full-stacktrace>
              <![CDATA[java.lang.AssertionError: Authentication Error; Wrong Username and Password expected [true] but found [false]
at org.testng.Assert.fail(Assert.java:96)
at org.testng.Assert.failNotEquals(Assert.java:776)
at org.testng.Assert.assertTrue(Assert.java:44)
at com.qa.RESTfulAPI.TestCases.GetRESTful_WebService_UsingBasicAuthentication.getRESTful_Webservice_basicAuthentication_TC02(GetRESTful_WebService_UsingBasicAuthentication.java:88)
at sun.reflect.NativeMethodAccessorImpl.invoke0(Native Method)
at sun.reflect.NativeMethodAccessorImpl.invoke(NativeMethodAccessorImpl.java:62)
at sun.reflect.DelegatingMethodAccessorImpl.invoke(DelegatingMethodAccessorImpl.java:43)
at java.lang.reflect.Method.invoke(Method.java:498)
at org.testng.internal.MethodInvocationHelper.invokeMethod(MethodInvocationHelper.java:124)
at org.testng.internal.Invoker.invokeMethod(Invoker.java:583)
at org.testng.internal.Invoker.invokeTestMethod(Invoker.java:719)
at org.testng.internal.Invoker.invokeTestMethods(Invoker.java:989)
at org.testng.internal.TestMethodWorker.invokeTestMethods(TestMethodWorker.java:125)
at org.testng.internal.TestMethodWorker.run(TestMethodWorker.java:109)
at org.testng.TestRunner.privateRun(TestRunner.java:648)
at org.testng.TestRunner.run(TestRunner.java:505)
at org.testng.SuiteRunner.runTest(SuiteRunner.java:455)
at org.testng.SuiteRunner.runSequentially(SuiteRunner.java:450)
at org.testng.SuiteRunner.privateRun(SuiteRunner.java:415)
at org.testng.SuiteRunner.run(SuiteRunner.java:364)
at org.testng.SuiteRunnerWorker.runSuite(SuiteRunnerWorker.java:52)
at org.testng.SuiteRunnerWorker.run(SuiteRunnerWorker.java:84)
at org.testng.TestNG.runSuitesSequentially(TestNG.java:1208)
at org.testng.TestNG.runSuitesLocally(TestNG.java:1137)
at org.testng.TestNG.runSuites(TestNG.java:1049)
at org.testng.TestNG.run(TestNG.java:1017)
at org.testng.remote.AbstractRemoteTestNG.run(AbstractRemoteTestNG.java:114)
at org.testng.remote.RemoteTestNG.initAndRun(RemoteTestNG.java:251)
at org.testng.remote.RemoteTestNG.main(RemoteTestNG.java:77)
]]>
            </full-stacktrace>
          </exception> <!-- java.lang.AssertionError -->
          <reporter-output>
          </reporter-output>
        </test-method> <!-- getRESTful_Webservice_basicAuthentication_TC02 -->
        <test-method status="PASS" signature="tearDownTestCase(org.testng.ITestResult)[pri:0, instance:com.qa.RESTfulAPI.TestCases.GetRESTful_WebService_UsingBasicAuthentication@5442a311]" name="tearDownTestCase" is-config="true" duration-ms="0" started-at="2018-10-25T07:21:13Z" finished-at="2018-10-25T07:21:13Z">
          <params>
            <param index="0">
              <value>
                <![CDATA[[TestResult name=getRESTful_Webservice_basicAuthentication_TC02 status=FAILURE method=GetRESTful_WebService_UsingBasicAuthentication.getRESTful_Webservice_basicAuthentication_TC02()[pri:2, instance:com.qa.RESTfulAPI.TestCases.GetRESTful_WebService_UsingBasicAuthentication@5442a311] output={null}]]]>
              </value>
            </param>
          </params>
          <reporter-output>
          </reporter-output>
        </test-method> <!-- tearDownTestCase -->
      </class> <!-- com.qa.RESTfulAPI.TestCases.GetRESTful_WebService_UsingBasicAuthentication -->
      <class name="com.qa.RESTfulAPI.TestCases.GetRESTful_WebServices_Test">
        <test-method status="PASS" signature="setUpTestCase()[pri:0, instance:com.qa.RESTfulAPI.TestCases.GetRESTful_WebServices_Test@4667ae56]" name="setUpTestCase" is-config="true" duration-ms="2" started-at="2018-10-25T07:21:12Z" finished-at="2018-10-25T07:21:12Z">
          <reporter-output>
          </reporter-output>
        </test-method> <!-- setUpTestCase -->
        <test-method status="PASS" signature="getRESTful_WebService_TC01()[pri:1, instance:com.qa.RESTfulAPI.TestCases.GetRESTful_WebServices_Test@4667ae56]" name="getRESTful_WebService_TC01" duration-ms="43" started-at="2018-10-25T07:21:12Z" description="Validation of Get Request using Jackson core databind" finished-at="2018-10-25T07:21:12Z">
          <reporter-output>
          </reporter-output>
        </test-method> <!-- getRESTful_WebService_TC01 -->
        <test-method status="PASS" signature="tearDownTestCase(org.testng.ITestResult)[pri:0, instance:com.qa.RESTfulAPI.TestCases.GetRESTful_WebServices_Test@4667ae56]" name="tearDownTestCase" is-config="true" duration-ms="1" started-at="2018-10-25T07:21:12Z" finished-at="2018-10-25T07:21:12Z">
          <params>
            <param index="0">
              <value>
                <![CDATA[[TestResult name=getRESTful_WebService_TC01 status=SUCCESS method=GetRESTful_WebServices_Test.getRESTful_WebService_TC01()[pri:1, instance:com.qa.RESTfulAPI.TestCases.GetRESTful_WebServices_Test@4667ae56] output={null}]]]>
              </value>
            </param>
          </params>
          <reporter-output>
          </reporter-output>
        </test-method> <!-- tearDownTestCase -->
        <test-method status="PASS" signature="setUpTestCase()[pri:0, instance:com.qa.RESTfulAPI.TestCases.GetRESTful_WebServices_Test@4667ae56]" name="setUpTestCase" is-config="true" duration-ms="1" started-at="2018-10-25T07:21:13Z" finished-at="2018-10-25T07:21:13Z">
          <reporter-output>
          </reporter-output>
        </test-method> <!-- setUpTestCase -->
        <test-method status="PASS" signature="getRESTful_WebService_TC02()[pri:2, instance:com.qa.RESTfulAPI.TestCases.GetRESTful_WebServices_Test@4667ae56]" name="getRESTful_WebService_TC02" duration-ms="93" started-at="2018-10-25T07:21:13Z" description="Validation of Get Request using Google GSON" finished-at="2018-10-25T07:21:13Z">
          <reporter-output>
          </reporter-output>
        </test-method> <!-- getRESTful_WebService_TC02 -->
        <test-method status="PASS" signature="tearDownTestCase(org.testng.ITestResult)[pri:0, instance:com.qa.RESTfulAPI.TestCases.GetRESTful_WebServices_Test@4667ae56]" name="tearDownTestCase" is-config="true" duration-ms="1" started-at="2018-10-25T07:21:13Z" finished-at="2018-10-25T07:21:13Z">
          <params>
            <param index="0">
              <value>
                <![CDATA[[TestResult name=getRESTful_WebService_TC02 status=SUCCESS method=GetRESTful_WebServices_Test.getRESTful_WebService_TC02()[pri:2, instance:com.qa.RESTfulAPI.TestCases.GetRESTful_WebServices_Test@4667ae56] output={null}]]]>
              </value>
            </param>
          </params>
          <reporter-output>
          </reporter-output>
        </test-method> <!-- tearDownTestCase -->
      </class> <!-- com.qa.RESTfulAPI.TestCases.GetRESTful_WebServices_Test -->
    </test> <!-- RESTful WebService Execution Test -->
  </suite> <!-- RESTful WebService Execution Suite -->
</testng-results>
